<?xml version="1.0" encoding="UTF-8"?>
<testsuite name="project.landmark.LandmarkApplicationTests" tests="1" skipped="0" failures="0" errors="0" timestamp="2025-10-16T14:13:47.361Z" hostname="밍꾸" time="1.534">
  <properties/>
  <testcase name="contextLoads()" classname="project.landmark.LandmarkApplicationTests" time="1.534"/>
  <system-out><![CDATA[23:13:22.973 [Test worker] INFO org.springframework.test.context.support.AnnotationConfigContextLoaderUtils -- Could not detect default configuration classes for test class [project.landmark.LandmarkApplicationTests]: LandmarkApplicationTests does not declare any static, non-private, non-final, nested classes annotated with @Configuration.
23:13:23.449 [Test worker] INFO org.springframework.boot.test.context.SpringBootTestContextBootstrapper -- Found @SpringBootConfiguration project.landmark.LandmarkApplication for test class project.landmark.LandmarkApplicationTests

  .   ____          _            __ _ _
 /\\ / ___'_ __ _ _(_)_ __  __ _ \ \ \ \
( ( )\___ | '_ | '_| | '_ \/ _` | \ \ \ \
 \\/  ___)| |_)| | | | | || (_| |  ) ) ) )
  '  |____| .__|_| |_|_| |_\__, | / / / /
 =========|_|==============|___/=/_/_/_/

 :: Spring Boot ::                (v3.5.6)

2025-10-16T23:13:25.011+09:00  INFO 19264 --- [    Test worker] p.landmark.LandmarkApplicationTests      : Starting LandmarkApplicationTests using Java 17.0.14 with PID 19264 (started by miinx in C:\Users\miinx\landmark)
2025-10-16T23:13:25.016+09:00  INFO 19264 --- [    Test worker] p.landmark.LandmarkApplicationTests      : No active profile set, falling back to 1 default profile: "default"
2025-10-16T23:13:28.503+09:00  INFO 19264 --- [    Test worker] .s.d.r.c.RepositoryConfigurationDelegate : Bootstrapping Spring Data JPA repositories in DEFAULT mode.
2025-10-16T23:13:28.919+09:00  INFO 19264 --- [    Test worker] .s.d.r.c.RepositoryConfigurationDelegate : Finished Spring Data repository scanning in 365 ms. Found 5 JPA repository interfaces.
2025-10-16T23:13:33.151+09:00  INFO 19264 --- [    Test worker] o.hibernate.jpa.internal.util.LogHelper  : HHH000204: Processing PersistenceUnitInfo [name: default]
2025-10-16T23:13:33.712+09:00  INFO 19264 --- [    Test worker] org.hibernate.Version                    : HHH000412: Hibernate ORM core version 6.6.29.Final
2025-10-16T23:13:33.997+09:00  INFO 19264 --- [    Test worker] o.h.c.internal.RegionFactoryInitiator    : HHH000026: Second-level cache disabled
2025-10-16T23:13:35.808+09:00  INFO 19264 --- [    Test worker] o.s.o.j.p.SpringPersistenceUnitInfo      : No LoadTimeWeaver setup: ignoring JPA class transformer
2025-10-16T23:13:35.988+09:00  INFO 19264 --- [    Test worker] com.zaxxer.hikari.HikariDataSource       : HikariPool-1 - Starting...
2025-10-16T23:13:36.637+09:00  INFO 19264 --- [    Test worker] com.zaxxer.hikari.pool.HikariPool        : HikariPool-1 - Added connection com.mysql.cj.jdbc.ConnectionImpl@47b961e2
2025-10-16T23:13:36.644+09:00  INFO 19264 --- [    Test worker] com.zaxxer.hikari.HikariDataSource       : HikariPool-1 - Start completed.
2025-10-16T23:13:36.967+09:00  INFO 19264 --- [    Test worker] org.hibernate.orm.connections.pooling    : HHH10001005: Database info:
	Database JDBC URL [Connecting through datasource 'HikariDataSource (HikariPool-1)']
	Database driver: undefined/unknown
	Database version: 8.0.43
	Autocommit mode: undefined/unknown
	Isolation level: undefined/unknown
	Minimum pool size: undefined/unknown
	Maximum pool size: undefined/unknown
2025-10-16T23:13:40.454+09:00  INFO 19264 --- [    Test worker] o.h.e.t.j.p.i.JtaPlatformInitiator       : HHH000489: No JTA platform available (set 'hibernate.transaction.jta.platform' to enable JTA platform integration)
Hibernate: 
    alter table friend 
       drop 
       foreign key FK5j28qgyvon52ycu9sfieraerm
Hibernate: 
    alter table friend 
       drop 
       foreign key FKeab81424e9dtc4a8hjlq4xiew
Hibernate: 
    alter table step_record 
       drop 
       foreign key FKo20rlhk6m5rtti7abx3dlq3v9
Hibernate: 
    alter table user_achievement 
       drop 
       foreign key FKcxeo6malce3dsw6tc43bcrwfd
Hibernate: 
    alter table user_achievement 
       drop 
       foreign key FK5hq4ms9ikrxw18tf1wn12anj6
Hibernate: 
    alter table user_landmark 
       drop 
       foreign key FK1q0yn9piupl77awy126k0was7
Hibernate: 
    alter table user_landmark 
       drop 
       foreign key FKx78274mabor4fb36ro3p4trc
Hibernate: 
    alter table user_title 
       drop 
       foreign key FKjge1avay7txplcbg5xltyhpr2
Hibernate: 
    alter table user_title 
       drop 
       foreign key FKj1ybc3u4t82pb0hqmgedahabt
Hibernate: 
    drop table if exists achievement
Hibernate: 
    drop table if exists friend
Hibernate: 
    drop table if exists landmark
Hibernate: 
    drop table if exists step_record
Hibernate: 
    drop table if exists title
Hibernate: 
    drop table if exists user_achievement
Hibernate: 
    drop table if exists user_landmark
Hibernate: 
    drop table if exists users
Hibernate: 
    drop table if exists user_title
Hibernate: 
    create table achievement (
        condition_value bigint,
        id bigint not null auto_increment,
        condition_type varchar(255),
        name varchar(255),
        reward_title varchar(255),
        primary key (id)
    ) engine=InnoDB
Hibernate: 
    create table friend (
        friend_id bigint,
        id bigint not null auto_increment,
        user_id bigint,
        status enum ('ACCEPTED','BLOCKED','REQUESTED'),
        primary key (id)
    ) engine=InnoDB
Hibernate: 
    create table landmark (
        id bigint not null auto_increment,
        required_steps bigint,
        description varchar(255),
        name varchar(255),
        reward_title varchar(255),
        primary key (id)
    ) engine=InnoDB
Hibernate: 
    create table step_record (
        date date,
        id bigint not null auto_increment,
        steps bigint,
        user_id bigint,
        primary key (id)
    ) engine=InnoDB
Hibernate: 
    create table title (
        required_steps bigint,
        title_id bigint not null auto_increment,
        description varchar(255),
        title_name varchar(255),
        primary key (title_id)
    ) engine=InnoDB
Hibernate: 
    create table user_achievement (
        achieved_at datetime(6),
        achievement_id bigint,
        id bigint not null auto_increment,
        user_id bigint,
        primary key (id)
    ) engine=InnoDB
Hibernate: 
    create table user_landmark (
        achieved_at datetime(6),
        id bigint not null auto_increment,
        landmark_id bigint,
        user_id bigint,
        primary key (id)
    ) engine=InnoDB
Hibernate: 
    create table users (
        created_at datetime(6),
        total_steps bigint,
        updated_at datetime(6),
        user_id bigint not null auto_increment,
        nickname varchar(30) not null,
        username varchar(50) not null,
        email varchar(100) not null,
        password varchar(255) not null,
        representative_title varchar(255),
        primary key (user_id)
    ) engine=InnoDB
Hibernate: 
    create table user_title (
        is_representative bit not null,
        id bigint not null auto_increment,
        title_id bigint,
        user_id bigint,
        primary key (id)
    ) engine=InnoDB
Hibernate: 
    alter table users 
       add constraint UKr43af9ap4edm43mmtq01oddj6 unique (username)
Hibernate: 
    alter table users 
       add constraint UK6dotkott2kjsp8vw4d0m25fb7 unique (email)
Hibernate: 
    alter table friend 
       add constraint FK5j28qgyvon52ycu9sfieraerm 
       foreign key (friend_id) 
       references users (user_id)
Hibernate: 
    alter table friend 
       add constraint FKeab81424e9dtc4a8hjlq4xiew 
       foreign key (user_id) 
       references users (user_id)
Hibernate: 
    alter table step_record 
       add constraint FKo20rlhk6m5rtti7abx3dlq3v9 
       foreign key (user_id) 
       references users (user_id)
Hibernate: 
    alter table user_achievement 
       add constraint FKcxeo6malce3dsw6tc43bcrwfd 
       foreign key (achievement_id) 
       references achievement (id)
Hibernate: 
    alter table user_achievement 
       add constraint FK5hq4ms9ikrxw18tf1wn12anj6 
       foreign key (user_id) 
       references users (user_id)
Hibernate: 
    alter table user_landmark 
       add constraint FK1q0yn9piupl77awy126k0was7 
       foreign key (landmark_id) 
       references landmark (id)
Hibernate: 
    alter table user_landmark 
       add constraint FKx78274mabor4fb36ro3p4trc 
       foreign key (user_id) 
       references users (user_id)
Hibernate: 
    alter table user_title 
       add constraint FKjge1avay7txplcbg5xltyhpr2 
       foreign key (title_id) 
       references title (title_id)
Hibernate: 
    alter table user_title 
       add constraint FKj1ybc3u4t82pb0hqmgedahabt 
       foreign key (user_id) 
       references users (user_id)
2025-10-16T23:13:41.835+09:00  INFO 19264 --- [    Test worker] j.LocalContainerEntityManagerFactoryBean : Initialized JPA EntityManagerFactory for persistence unit 'default'
2025-10-16T23:13:46.206+09:00  WARN 19264 --- [    Test worker] .s.s.UserDetailsServiceAutoConfiguration : 

Using generated security password: 4c3f16ba-3481-44f5-9b9c-974cb70032eb

This generated password is for development use only. Your security configuration must be updated before running your application in production.

2025-10-16T23:13:46.271+09:00  INFO 19264 --- [    Test worker] r$InitializeUserDetailsManagerConfigurer : Global AuthenticationManager configured with UserDetailsService bean with name inMemoryUserDetailsManager
2025-10-16T23:13:47.277+09:00  INFO 19264 --- [    Test worker] p.landmark.LandmarkApplicationTests      : Started LandmarkApplicationTests in 23.227 seconds (process running for 27.195)
]]></system-out>
  <system-err><![CDATA[]]></system-err>
</testsuite>
